<?xml version="1.0" encoding="UTF-8"?>
<!-- Generated by org.testng.reporters.JUnitReportReporter -->
<testsuite hostname="LAPTOP-KGO0Q2M2" failures="0" tests="1" name="com.datadrivedntesting.restapi.DataDrivenUsingExcel2" time="0.000" errors="0" timestamp="12 Apr 2021 12:48:25 GMT" skipped="1">
  <testcase classname="com.datadrivedntesting.restapi.DataDrivenUsingExcel2" name="addNewEmployee" time="0.000">
    <skipped/>
  </testcase> <!-- addNewEmployee -->
</testsuite> <!-- com.datadrivedntesting.restapi.DataDrivenUsingExcel2 -->
