<?xml version="1.0" encoding="UTF-8"?>
<!-- Generated by org.testng.reporters.JUnitReportReporter -->
<testsuite hostname="LAPTOP-KGO0Q2M2" failures="0" tests="1" name="RestAssured.TC_003_GET_Request" time="2.478" errors="0" timestamp="11 Apr 2021 06:22:32 GMT" skipped="0">
  <testcase classname="RestAssured.TC_003_GET_Request" name="googleMapTest" time="2.478"/>
</testsuite> <!-- RestAssured.TC_003_GET_Request -->
