<?xml version="1.0" encoding="UTF-8"?>
<!-- Generated by org.testng.reporters.JUnitReportReporter -->
<testsuite hostname="LAPTOP-KGO0Q2M2" failures="0" tests="1" name="RestAssured.TC_004_GETRequest_PrintHeaders" time="2.080" errors="0" timestamp="11 Apr 2021 11:07:34 GMT" skipped="0">
  <testcase classname="RestAssured.TC_004_GETRequest_PrintHeaders" name="googleMapHeaders" time="2.080"/>
</testsuite> <!-- RestAssured.TC_004_GETRequest_PrintHeaders -->
