<?xml version="1.0" encoding="UTF-8"?>
<!-- Generated by org.testng.reporters.JUnitReportReporter -->
<testsuite hostname="LAPTOP-KGO0Q2M2" failures="0" tests="1" name="RestAssured.TC_005_GETJSOnResponseBody" time="2.055" errors="0" timestamp="11 Apr 2021 11:42:21 GMT" skipped="0">
  <testcase classname="RestAssured.TC_005_GETJSOnResponseBody" name="getUserDetails" time="2.055"/>
</testsuite> <!-- RestAssured.TC_005_GETJSOnResponseBody -->
