<?xml version="1.0" encoding="UTF-8"?>
<!-- Generated by org.testng.reporters.JUnitReportReporter -->
<testsuite hostname="LAPTOP-KGO0Q2M2" failures="0" tests="1" name="RestAssured.TC_007_GetAuthorization" time="3.106" errors="0" timestamp="11 Apr 2021 12:56:12 GMT" skipped="0">
  <testcase classname="RestAssured.TC_007_GetAuthorization" name="authorization" time="3.106"/>
</testsuite> <!-- RestAssured.TC_007_GetAuthorization -->
