<?xml version="1.0" encoding="UTF-8"?>
<!-- Generated by org.testng.reporters.JUnitReportReporter -->
<testsuite hostname="LAPTOP-KGO0Q2M2" failures="0" tests="1" name="com.datadrivedntesting.restapi.DataDrivenUsingExcel" time="0.000" errors="0" timestamp="13 Apr 2021 06:54:34 GMT" skipped="1">
  <testcase classname="com.datadrivedntesting.restapi.DataDrivenUsingExcel" name="addNewEmployee" time="0.000">
    <skipped/>
  </testcase> <!-- addNewEmployee -->
</testsuite> <!-- com.datadrivedntesting.restapi.DataDrivenUsingExcel -->
